<?xml version="1.0" encoding="UTF-8"?>
<testsuite name="CalculatePowerTest" tests="1" skipped="0" failures="0" errors="0" timestamp="2020-02-09T15:12:19" hostname="admin1-HP-EliteBook-Folio-9480m" time="0.001">
  <properties/>
  <testcase name="givenMethodFor_IfNumberIsNotInteger_ShouldReturnResult" classname="CalculatePowerTest" time="0.001"/>
  <system-out><![CDATA[]]></system-out>
  <system-err><![CDATA[]]></system-err>
</testsuite>
